Elasticsearch ERROR: 2020-11-19T18:22:24Z
  Error: Request error, retrying
  GET http://localhost:9200/ => connect ECONNREFUSED 127.0.0.1:9200
      at Log.error (/data/moloch/node_modules/elasticsearch/src/lib/log.js:239:56)
      at checkRespForFailure (/data/moloch/node_modules/elasticsearch/src/lib/transport.js:298:18)
      at HttpConnector.<anonymous> (/data/moloch/node_modules/elasticsearch/src/lib/connectors/http.js:171:7)
      at ClientRequest.wrapper (/data/moloch/node_modules/lodash/lodash.js:4949:19)
      at ClientRequest.emit (events.js:314:20)
      at Socket.socketErrorListener (_http_client.js:428:9)
      at Socket.emit (events.js:314:20)
      at emitErrorNT (internal/streams/destroy.js:92:8)
      at emitErrorAndCloseNT (internal/streams/destroy.js:60:3)
      at processTicksAndRejections (internal/process/task_queues.js:84:21)

Elasticsearch ERROR: 2020-11-19T18:22:24Z
  Error: Request error, retrying
  GET http://localhost:9200/sessions2-*/_alias => connect ECONNREFUSED 127.0.0.1:9200
      at Log.error (/data/moloch/node_modules/elasticsearch/src/lib/log.js:239:56)
      at checkRespForFailure (/data/moloch/node_modules/elasticsearch/src/lib/transport.js:298:18)
      at HttpConnector.<anonymous> (/data/moloch/node_modules/elasticsearch/src/lib/connectors/http.js:171:7)
      at ClientRequest.wrapper (/data/moloch/node_modules/lodash/lodash.js:4949:19)
      at ClientRequest.emit (events.js:314:20)
      at Socket.socketErrorListener (_http_client.js:428:9)
      at Socket.emit (events.js:314:20)
      at emitErrorNT (internal/streams/destroy.js:92:8)
      at emitErrorAndCloseNT (internal/streams/destroy.js:60:3)
      at processTicksAndRejections (internal/process/task_queues.js:84:21)

Elasticsearch WARNING: 2020-11-19T18:22:24Z
  Unable to revive connection: http://localhost:9200/

Elasticsearch WARNING: 2020-11-19T18:22:24Z
  No living connections

NoConnections [Error]: No Living connections
    at sendReqWithConnection (/data/moloch/node_modules/elasticsearch/src/lib/transport.js:266:15)
    at next (/data/moloch/node_modules/elasticsearch/src/lib/connection_pool.js:243:7)
    at processTicksAndRejections (internal/process/task_queues.js:79:11) undefined
/data/moloch/viewer/db.js:92
    if (data.version.number.match(/^(7\.[0-3]\.|[0-6]|8)/)) {
             ^

TypeError: Cannot read property 'version' of undefined
    at /data/moloch/viewer/db.js:92:14
    at respond (/data/moloch/node_modules/elasticsearch/src/lib/transport.js:368:9)
    at sendReqWithConnection (/data/moloch/node_modules/elasticsearch/src/lib/transport.js:266:7)
    at next (/data/moloch/node_modules/elasticsearch/src/lib/connection_pool.js:243:7)
    at processTicksAndRejections (internal/process/task_queues.js:79:11)
Express server listening on port 8005 in development mode
Thu, 19 Nov 2020 18:25:27 GMT - [1mGET[0m [33m/eshealth.json[0m 200 457 bytes 6.484 ms
Thu, 19 Nov 2020 18:25:37 GMT - [1mGET[0m [33m/eshealth.json[0m 200 457 bytes 8.246 ms
Thu, 19 Nov 2020 18:25:47 GMT - [1mGET[0m [33m/eshealth.json[0m 200 457 bytes 0.439 ms
Thu, 19 Nov 2020 18:25:51 GMT admin [1mGET[0m [33m/sessions[0m 200 - bytes 38.838 ms
Thu, 19 Nov 2020 18:25:51 GMT - [1mGET[0m [33m/font-awesome/css/font-awesome.min.css[0m 304 - bytes 1.572 ms
Thu, 19 Nov 2020 18:25:51 GMT admin [1mGET[0m [33m/static/js/runtime.e6f3d3bc53c92efd1f1b.js[0m 304 - bytes 4.323 ms
Thu, 19 Nov 2020 18:25:51 GMT admin [1mGET[0m [33m/static/js/2.5a241e770a5fdca4fea5.js[0m 304 - bytes 4.330 ms
Thu, 19 Nov 2020 18:25:51 GMT admin [1mGET[0m [33m/static/js/0.e9a3028df9f345d16052.js[0m 304 - bytes 4.370 ms
Thu, 19 Nov 2020 18:25:51 GMT admin [1mGET[0m [33m/static/css/app.a119e52f8359927b9791.css[0m 304 - bytes 4.166 ms
Thu, 19 Nov 2020 18:25:51 GMT admin [1mGET[0m [33m/static/css/vendor.a119e52f8359927b9791.css[0m 200 - bytes 7.330 ms
Thu, 19 Nov 2020 18:25:52 GMT - [1mGET[0m [33m/logos/Arkime_Logo_Mark_White.png[0m 304 - bytes 0.341 ms
Thu, 19 Nov 2020 18:25:52 GMT admin [1mGET[0m [33m/user/current[0m 200 590 bytes 1.207 ms
Thu, 19 Nov 2020 18:25:52 GMT - [1mGET[0m [33m/eshealth.json[0m 200 457 bytes 7.815 ms
Thu, 19 Nov 2020 18:25:52 GMT - [1mGET[0m [33m/logos/Arkime_Logo_Mark_FullGradient.png[0m 304 - bytes 1.195 ms
Thu, 19 Nov 2020 18:25:52 GMT admin [1mGET[0m [33m/state/sessionsColWidths[0m 200 2 bytes 3.886 ms
Thu, 19 Nov 2020 18:25:52 GMT admin [1mGET[0m [33m/state/sessionsNew[0m 200 2 bytes 4.666 ms
Thu, 19 Nov 2020 18:25:52 GMT admin [1mGET[0m [33m/user/columns[0m 200 2 bytes 5.603 ms
Thu, 19 Nov 2020 18:25:52 GMT admin [1mGET[0m [33m/molochclusters[0m 304 - bytes 2.079 ms
Thu, 19 Nov 2020 18:25:52 GMT admin [1mGET[0m [33m/fields[0m 304 - bytes 2.225 ms
Thu, 19 Nov 2020 18:25:52 GMT admin [1mGET[0m [33m/state/fieldHistory[0m 200 2 bytes 2.662 ms
Thu, 19 Nov 2020 18:25:52 GMT admin [1mGET[0m [33m/user/views[0m 200 2 bytes 11.653 ms
Thu, 19 Nov 2020 18:25:52 GMT admin [1mGET[0m [33m/stats.json[0m 200 48 bytes 15.440 ms
Thu, 19 Nov 2020 18:25:52 GMT admin [1mGET[0m [33m/fields[0m 304 - bytes 0.523 ms
Thu, 19 Nov 2020 18:25:52 GMT admin [1mGET[0m [33m/sessions.json?flatten=1&length=50&facets=1&bounding=last&interval=auto&cancelId=0a1701cd-3fc4-42fa-9a26-cb85f4ba6a9a&startTime=1605806752&stopTime=1605810352&order=firstPacket:desc&fields=ipProtocol,firstPacket,lastPacket,srcIp,srcGEO,srcPort,dstIp,dstGEO,dstPort,totPackets,totDataBytes,totBytes,node[0m 200 813 bytes 18.401 ms
Thu, 19 Nov 2020 18:25:53 GMT admin [1mPOST[0m [33m/user/list[0m 200 305 bytes 8.381 ms
Thu, 19 Nov 2020 18:25:56 GMT admin [1mGET[0m [33m/user/current[0m 304 - bytes 0.884 ms
Thu, 19 Nov 2020 18:25:56 GMT admin [1mGET[0m [33m/molochclusters[0m 304 - bytes 1.378 ms
Thu, 19 Nov 2020 18:25:56 GMT admin [1mGET[0m [33m/user/columns[0m 200 2 bytes 4.177 ms
Thu, 19 Nov 2020 18:25:56 GMT admin [1mGET[0m [33m/user/spiview/fields[0m 200 2 bytes 4.763 ms
Thu, 19 Nov 2020 18:25:56 GMT admin [1mGET[0m [33m/notifierTypes[0m 304 - bytes 499.920 ms
Thu, 19 Nov 2020 18:25:56 GMT admin [1mGET[0m [33m/user/settings[0m 200 313 bytes 509.896 ms
Thu, 19 Nov 2020 18:25:56 GMT admin [1mGET[0m [33m/user/views[0m 200 2 bytes 510.383 ms
Thu, 19 Nov 2020 18:25:56 GMT admin [1mGET[0m [33m/user/cron[0m 200 2 bytes 510.770 ms
Thu, 19 Nov 2020 18:25:56 GMT admin [1mGET[0m [33m/lookups?length=50&start=0&desc=false&sort=name[0m 200 48 bytes 509.879 ms
Thu, 19 Nov 2020 18:25:56 GMT admin [1mGET[0m [33m/notifiers[0m 304 - bytes 505.846 ms
Thu, 19 Nov 2020 18:25:56 GMT admin [1mGET[0m [33m/fields?array=true[0m 200 - bytes 0.927 ms
Thu, 19 Nov 2020 18:25:56 GMT admin [1mGET[0m [33m/state/sessionsNew[0m 200 2 bytes 0.643 ms
Thu, 19 Nov 2020 18:25:57 GMT - [1mGET[0m [33m/logos/Arkime_Logo_Mark_Black.png[0m 304 - bytes 1.678 ms
Thu, 19 Nov 2020 18:25:57 GMT - [1mGET[0m [33m/logos/Arkime_Logo_Mark_Full.png[0m 304 - bytes 1.672 ms
Thu, 19 Nov 2020 18:25:57 GMT - [1mGET[0m [33m/logos/Arkime_Icon_White.png[0m 304 - bytes 1.601 ms
Thu, 19 Nov 2020 18:25:57 GMT - [1mGET[0m [33m/logos/Arkime_Icon_Black.png[0m 304 - bytes 1.644 ms
Thu, 19 Nov 2020 18:25:57 GMT - [1mGET[0m [33m/logos/Arkime_Icon_ColorMint.png[0m 304 - bytes 0.742 ms
Thu, 19 Nov 2020 18:25:57 GMT - [1mGET[0m [33m/logos/Arkime_Icon_ColorBlue.png[0m 304 - bytes 0.700 ms
Thu, 19 Nov 2020 18:26:02 GMT - [1mGET[0m [33m/eshealth.json[0m 200 457 bytes 1.632 ms
Thu, 19 Nov 2020 18:26:08 GMT admin [1mPOST[0m [33m/user/settings/update[0m 200 55 bytes 62.834 ms
Thu, 19 Nov 2020 18:26:08 GMT admin [1mGET[0m [33m/user.css?v1605810368645[0m 200 - bytes 75.003 ms
Thu, 19 Nov 2020 18:26:10 GMT admin [1mGET[0m [33m/state/sessionsColWidths[0m 200 2 bytes 3.646 ms
Thu, 19 Nov 2020 18:26:10 GMT admin [1mGET[0m [33m/state/sessionsNew[0m 200 2 bytes 3.865 ms
Thu, 19 Nov 2020 18:26:10 GMT admin [1mGET[0m [33m/user/columns[0m 200 2 bytes 4.386 ms
Thu, 19 Nov 2020 18:26:10 GMT admin [1mGET[0m [33m/molochclusters[0m 304 - bytes 5.030 ms
Thu, 19 Nov 2020 18:26:10 GMT admin [1mGET[0m [33m/fields[0m 304 - bytes 5.343 ms
Thu, 19 Nov 2020 18:26:10 GMT admin [1mGET[0m [33m/state/fieldHistory[0m 200 2 bytes 6.168 ms
Thu, 19 Nov 2020 18:26:10 GMT admin [1mGET[0m [33m/user/views[0m 200 2 bytes 9.023 ms
Thu, 19 Nov 2020 18:26:10 GMT admin [1mGET[0m [33m/stats.json[0m 200 48 bytes 17.527 ms
Thu, 19 Nov 2020 18:26:10 GMT admin [1mGET[0m [33m/fields[0m 304 - bytes 0.585 ms
Thu, 19 Nov 2020 18:26:10 GMT admin [1mGET[0m [33m/sessions.json?flatten=1&length=50&facets=1&bounding=last&interval=auto&cancelId=a3718244-257b-4a72-9cca-837fbfda8edd&startTime=1605806770&stopTime=1605810370&order=firstPacket:desc&fields=ipProtocol,firstPacket,lastPacket,srcIp,srcGEO,srcPort,dstIp,dstGEO,dstPort,totPackets,totDataBytes,totBytes,node[0m 200 813 bytes 17.018 ms
Thu, 19 Nov 2020 18:26:12 GMT - [1mGET[0m [33m/eshealth.json[0m 200 457 bytes 1.646 ms
Thu, 19 Nov 2020 18:26:22 GMT - [1mGET[0m [33m/eshealth.json[0m 200 457 bytes 8.046 ms
Thu, 19 Nov 2020 18:26:32 GMT - [1mGET[0m [33m/eshealth.json[0m 200 457 bytes 4.531 ms
Thu, 19 Nov 2020 18:26:42 GMT admin [1mGET[0m [33m/user/current[0m 200 746 bytes 4.966 ms
Thu, 19 Nov 2020 18:26:42 GMT admin [1mGET[0m [33m/molochclusters[0m 304 - bytes 4.742 ms
Thu, 19 Nov 2020 18:26:42 GMT admin [1mGET[0m [33m/user/columns[0m 200 2 bytes 2.849 ms
Thu, 19 Nov 2020 18:26:42 GMT admin [1mGET[0m [33m/user/spiview/fields[0m 200 2 bytes 3.177 ms
Thu, 19 Nov 2020 18:26:42 GMT admin [1mGET[0m [33m/user/views[0m 200 2 bytes 7.752 ms
Thu, 19 Nov 2020 18:26:42 GMT admin [1mGET[0m [33m/user/settings[0m 200 469 bytes 9.476 ms
Thu, 19 Nov 2020 18:26:42 GMT admin [1mGET[0m [33m/user/cron[0m 200 2 bytes 8.944 ms
Thu, 19 Nov 2020 18:26:42 GMT admin [1mGET[0m [33m/lookups?length=50&start=0&desc=false&sort=name[0m 200 48 bytes 8.760 ms
Thu, 19 Nov 2020 18:26:42 GMT admin [1mGET[0m [33m/notifierTypes[0m 304 - bytes 3.155 ms
Thu, 19 Nov 2020 18:26:42 GMT admin [1mGET[0m [33m/notifiers[0m 304 - bytes 6.036 ms
Thu, 19 Nov 2020 18:26:42 GMT admin [1mGET[0m [33m/fields?array=true[0m 304 - bytes 1.349 ms
Thu, 19 Nov 2020 18:26:42 GMT admin [1mGET[0m [33m/state/sessionsNew[0m 200 2 bytes 0.499 ms
Thu, 19 Nov 2020 18:26:42 GMT - [1mGET[0m [33m/eshealth.json[0m 200 457 bytes 5.340 ms
Thu, 19 Nov 2020 18:26:46 GMT admin [1mPOST[0m [33m/user/settings/update[0m 200 55 bytes 24.639 ms
Thu, 19 Nov 2020 18:26:52 GMT - [1mGET[0m [33m/eshealth.json[0m 200 457 bytes 15.099 ms
Thu, 19 Nov 2020 18:26:54 GMT admin [1mPOST[0m [33m/user/settings/update[0m 200 55 bytes 22.682 ms
Thu, 19 Nov 2020 18:26:54 GMT admin [1mGET[0m [33m/user.css?v1605810414465[0m 200 - bytes 17.934 ms
Thu, 19 Nov 2020 18:27:00 GMT admin [1mPOST[0m [33m/user/settings/update[0m 200 55 bytes 28.168 ms
Thu, 19 Nov 2020 18:27:00 GMT admin [1mGET[0m [33m/user.css?v1605810420655[0m 200 - bytes 14.403 ms
Thu, 19 Nov 2020 18:27:02 GMT - [1mGET[0m [33m/eshealth.json[0m 200 457 bytes 1.430 ms
Thu, 19 Nov 2020 18:27:13 GMT - [1mGET[0m [33m/eshealth.json[0m 200 457 bytes 15.350 ms
Thu, 19 Nov 2020 18:27:23 GMT - [1mGET[0m [33m/eshealth.json[0m 200 457 bytes 1.439 ms
Thu, 19 Nov 2020 18:27:33 GMT - [1mGET[0m [33m/eshealth.json[0m 200 457 bytes 3.381 ms
WISE Session Detail ERROR Error: connect ETIMEDOUT 172.16.0.20:8081
    at TCPConnectWrap.afterConnect [as oncomplete] (net.js:1145:16) {
  errno: 'ETIMEDOUT',
  code: 'ETIMEDOUT',
  syscall: 'connect',
  address: '172.16.0.20',
  port: 8081
}
WISE Right Click ERROR Error: connect ETIMEDOUT 172.16.0.20:8081
    at TCPConnectWrap.afterConnect [as oncomplete] (net.js:1145:16) {
  errno: 'ETIMEDOUT',
  code: 'ETIMEDOUT',
  syscall: 'connect',
  address: '172.16.0.20',
  port: 8081
}
WISE Session Detail ERROR Error: connect EHOSTUNREACH 172.16.0.20:8081
    at TCPConnectWrap.afterConnect [as oncomplete] (net.js:1145:16) {
  errno: 'EHOSTUNREACH',
  code: 'EHOSTUNREACH',
  syscall: 'connect',
  address: '172.16.0.20',
  port: 8081
}
Thu, 19 Nov 2020 18:27:43 GMT - [1mGET[0m [33m/eshealth.json[0m 200 457 bytes 15.204 ms
Thu, 19 Nov 2020 18:27:53 GMT - [1mGET[0m [33m/eshealth.json[0m 200 457 bytes 1.456 ms
Thu, 19 Nov 2020 18:28:03 GMT - [1mGET[0m [33m/eshealth.json[0m 200 457 bytes 5.388 ms
Thu, 19 Nov 2020 18:28:13 GMT - [1mGET[0m [33m/eshealth.json[0m 200 457 bytes 4.366 ms
Thu, 19 Nov 2020 18:28:23 GMT - [1mGET[0m [33m/eshealth.json[0m 200 457 bytes 14.314 ms
Thu, 19 Nov 2020 18:28:33 GMT - [1mGET[0m [33m/eshealth.json[0m 200 457 bytes 1.485 ms
Thu, 19 Nov 2020 18:28:43 GMT - [1mGET[0m [33m/eshealth.json[0m 200 457 bytes 5.170 ms
Thu, 19 Nov 2020 18:28:53 GMT - [1mGET[0m [33m/eshealth.json[0m 200 457 bytes 6.512 ms
Thu, 19 Nov 2020 18:29:03 GMT - [1mGET[0m [33m/eshealth.json[0m 200 457 bytes 0.433 ms
Thu, 19 Nov 2020 18:29:13 GMT - [1mGET[0m [33m/eshealth.json[0m 200 457 bytes 13.373 ms
Thu, 19 Nov 2020 18:29:23 GMT - [1mGET[0m [33m/eshealth.json[0m 200 457 bytes 3.841 ms
Thu, 19 Nov 2020 18:29:33 GMT - [1mGET[0m [33m/eshealth.json[0m 200 457 bytes 3.407 ms
WISE Session Detail ERROR Error: connect EHOSTUNREACH 172.16.0.20:8081
    at TCPConnectWrap.afterConnect [as oncomplete] (net.js:1145:16) {
  errno: 'EHOSTUNREACH',
  code: 'EHOSTUNREACH',
  syscall: 'connect',
  address: '172.16.0.20',
  port: 8081
}
Thu, 19 Nov 2020 18:29:43 GMT - [1mGET[0m [33m/eshealth.json[0m 200 457 bytes 16.427 ms
Thu, 19 Nov 2020 18:29:53 GMT - [1mGET[0m [33m/eshealth.json[0m 200 457 bytes 1.555 ms
Thu, 19 Nov 2020 18:30:03 GMT - [1mGET[0m [33m/eshealth.json[0m 200 457 bytes 10.747 ms
Thu, 19 Nov 2020 18:30:13 GMT - [1mGET[0m [33m/eshealth.json[0m 200 457 bytes 1.375 ms
Thu, 19 Nov 2020 18:30:23 GMT - [1mGET[0m [33m/eshealth.json[0m 200 457 bytes 12.197 ms
WISE Right Click ERROR Error: connect EHOSTUNREACH 172.16.0.20:8081
    at TCPConnectWrap.afterConnect [as oncomplete] (net.js:1145:16) {
  errno: 'EHOSTUNREACH',
  code: 'EHOSTUNREACH',
  syscall: 'connect',
  address: '172.16.0.20',
  port: 8081
}
Thu, 19 Nov 2020 18:30:33 GMT - [1mGET[0m [33m/eshealth.json[0m 200 457 bytes 4.093 ms
Thu, 19 Nov 2020 18:30:43 GMT - [1mGET[0m [33m/eshealth.json[0m 200 457 bytes 3.409 ms
Thu, 19 Nov 2020 18:30:53 GMT - [1mGET[0m [33m/eshealth.json[0m 200 457 bytes 10.026 ms
Thu, 19 Nov 2020 18:31:03 GMT - [1mGET[0m [33m/eshealth.json[0m 200 457 bytes 0.358 ms
Thu, 19 Nov 2020 18:31:13 GMT - [1mGET[0m [33m/eshealth.json[0m 200 457 bytes 3.523 ms
Thu, 19 Nov 2020 18:31:23 GMT - [1mGET[0m [33m/eshealth.json[0m 200 457 bytes 6.729 ms
Thu, 19 Nov 2020 18:31:33 GMT - [1mGET[0m [33m/eshealth.json[0m 200 457 bytes 12.805 ms
WISE Session Detail ERROR Error: connect EHOSTUNREACH 172.16.0.20:8081
    at TCPConnectWrap.afterConnect [as oncomplete] (net.js:1145:16) {
  errno: 'EHOSTUNREACH',
  code: 'EHOSTUNREACH',
  syscall: 'connect',
  address: '172.16.0.20',
  port: 8081
}
Thu, 19 Nov 2020 18:31:43 GMT - [1mGET[0m [33m/eshealth.json[0m 200 457 bytes 0.336 ms
Thu, 19 Nov 2020 18:31:53 GMT - [1mGET[0m [33m/eshealth.json[0m 200 457 bytes 6.438 ms
Thu, 19 Nov 2020 18:32:03 GMT - [1mGET[0m [33m/eshealth.json[0m 200 457 bytes 14.060 ms
Thu, 19 Nov 2020 18:32:13 GMT - [1mGET[0m [33m/eshealth.json[0m 200 457 bytes 0.435 ms
Thu, 19 Nov 2020 18:32:23 GMT - [1mGET[0m [33m/eshealth.json[0m 200 457 bytes 5.347 ms
Thu, 19 Nov 2020 18:32:33 GMT - [1mGET[0m [33m/eshealth.json[0m 200 457 bytes 4.016 ms
Thu, 19 Nov 2020 18:32:43 GMT - [1mGET[0m [33m/eshealth.json[0m 200 457 bytes 1.428 ms
Thu, 19 Nov 2020 18:32:53 GMT - [1mGET[0m [33m/eshealth.json[0m 200 457 bytes 13.069 ms
Thu, 19 Nov 2020 18:33:03 GMT - [1mGET[0m [33m/eshealth.json[0m 200 457 bytes 0.494 ms
Thu, 19 Nov 2020 18:33:13 GMT - [1mGET[0m [33m/eshealth.json[0m 200 457 bytes 13.601 ms
Thu, 19 Nov 2020 18:33:23 GMT - [1mGET[0m [33m/eshealth.json[0m 200 457 bytes 0.414 ms
WISE Session Detail ERROR Error: connect EHOSTUNREACH 172.16.0.20:8081
    at TCPConnectWrap.afterConnect [as oncomplete] (net.js:1145:16) {
  errno: 'EHOSTUNREACH',
  code: 'EHOSTUNREACH',
  syscall: 'connect',
  address: '172.16.0.20',
  port: 8081
}
Thu, 19 Nov 2020 18:33:33 GMT - [1mGET[0m [33m/eshealth.json[0m 200 457 bytes 13.119 ms
Thu, 19 Nov 2020 18:33:43 GMT - [1mGET[0m [33m/eshealth.json[0m 200 457 bytes 1.494 ms
Thu, 19 Nov 2020 18:33:53 GMT - [1mGET[0m [33m/eshealth.json[0m 200 457 bytes 18.888 ms
Thu, 19 Nov 2020 18:34:03 GMT - [1mGET[0m [33m/eshealth.json[0m 200 457 bytes 0.651 ms
Thu, 19 Nov 2020 18:34:13 GMT - [1mGET[0m [33m/eshealth.json[0m 200 457 bytes 12.590 ms
Thu, 19 Nov 2020 18:34:23 GMT - [1mGET[0m [33m/eshealth.json[0m 200 457 bytes 1.529 ms
Thu, 19 Nov 2020 18:34:33 GMT - [1mGET[0m [33m/eshealth.json[0m 200 457 bytes 13.268 ms
Thu, 19 Nov 2020 18:34:43 GMT - [1mGET[0m [33m/eshealth.json[0m 200 457 bytes 1.359 ms
Thu, 19 Nov 2020 18:34:53 GMT - [1mGET[0m [33m/eshealth.json[0m 200 457 bytes 4.617 ms
Thu, 19 Nov 2020 18:35:03 GMT - [1mGET[0m [33m/eshealth.json[0m 200 457 bytes 12.760 ms
Thu, 19 Nov 2020 18:35:13 GMT - [1mGET[0m [33m/eshealth.json[0m 200 457 bytes 1.371 ms
Thu, 19 Nov 2020 18:35:23 GMT - [1mGET[0m [33m/eshealth.json[0m 200 457 bytes 13.113 ms
Thu, 19 Nov 2020 18:35:33 GMT - [1mGET[0m [33m/eshealth.json[0m 200 457 bytes 0.346 ms
WISE Session Detail ERROR Error: connect EHOSTUNREACH 172.16.0.20:8081
    at TCPConnectWrap.afterConnect [as oncomplete] (net.js:1145:16) {
  errno: 'EHOSTUNREACH',
  code: 'EHOSTUNREACH',
  syscall: 'connect',
  address: '172.16.0.20',
  port: 8081
}
Thu, 19 Nov 2020 18:35:43 GMT - [1mGET[0m [33m/eshealth.json[0m 200 457 bytes 12.375 ms
Thu, 19 Nov 2020 18:35:53 GMT - [1mGET[0m [33m/eshealth.json[0m 200 457 bytes 2.548 ms
Thu, 19 Nov 2020 18:36:03 GMT - [1mGET[0m [33m/eshealth.json[0m 200 457 bytes 14.274 ms
Thu, 19 Nov 2020 18:36:13 GMT - [1mGET[0m [33m/eshealth.json[0m 200 457 bytes 1.340 ms
Thu, 19 Nov 2020 18:36:23 GMT - [1mGET[0m [33m/eshealth.json[0m 200 457 bytes 11.548 ms
Thu, 19 Nov 2020 18:36:33 GMT - [1mGET[0m [33m/eshealth.json[0m 200 457 bytes 1.505 ms
Thu, 19 Nov 2020 18:36:43 GMT - [1mGET[0m [33m/eshealth.json[0m 200 457 bytes 11.803 ms
Thu, 19 Nov 2020 18:36:53 GMT - [1mGET[0m [33m/eshealth.json[0m 200 457 bytes 1.390 ms
Thu, 19 Nov 2020 18:37:03 GMT - [1mGET[0m [33m/eshealth.json[0m 200 457 bytes 6.254 ms
Thu, 19 Nov 2020 18:37:13 GMT - [1mGET[0m [33m/eshealth.json[0m 200 457 bytes 11.705 ms
Thu, 19 Nov 2020 18:37:23 GMT - [1mGET[0m [33m/eshealth.json[0m 200 457 bytes 1.377 ms
WISE Session Detail ERROR Error: connect EHOSTUNREACH 172.16.0.20:8081
    at TCPConnectWrap.afterConnect [as oncomplete] (net.js:1145:16) {
  errno: 'EHOSTUNREACH',
  code: 'EHOSTUNREACH',
  syscall: 'connect',
  address: '172.16.0.20',
  port: 8081
}
Thu, 19 Nov 2020 18:37:33 GMT - [1mGET[0m [33m/eshealth.json[0m 200 457 bytes 12.616 ms
WISE Right Click ERROR Error: connect ETIMEDOUT 172.16.0.20:8081
    at TCPConnectWrap.afterConnect [as oncomplete] (net.js:1145:16) {
  errno: 'ETIMEDOUT',
  code: 'ETIMEDOUT',
  syscall: 'connect',
  address: '172.16.0.20',
  port: 8081
}
Thu, 19 Nov 2020 18:37:43 GMT - [1mGET[0m [33m/eshealth.json[0m 200 457 bytes 0.662 ms
Thu, 19 Nov 2020 18:37:53 GMT - [1mGET[0m [33m/eshealth.json[0m 200 457 bytes 11.892 ms
Thu, 19 Nov 2020 18:38:03 GMT - [1mGET[0m [33m/eshealth.json[0m 200 457 bytes 1.381 ms
Thu, 19 Nov 2020 18:38:13 GMT - [1mGET[0m [33m/eshealth.json[0m 200 457 bytes 11.565 ms
Thu, 19 Nov 2020 18:38:23 GMT - [1mGET[0m [33m/eshealth.json[0m 200 457 bytes 1.478 ms
Thu, 19 Nov 2020 18:38:33 GMT - [1mGET[0m [33m/eshealth.json[0m 200 457 bytes 15.140 ms
Thu, 19 Nov 2020 18:38:43 GMT - [1mGET[0m [33m/eshealth.json[0m 200 457 bytes 1.352 ms
Thu, 19 Nov 2020 18:38:53 GMT - [1mGET[0m [33m/eshealth.json[0m 200 457 bytes 3.237 ms
Thu, 19 Nov 2020 18:39:03 GMT - [1mGET[0m [33m/eshealth.json[0m 200 457 bytes 5.345 ms
Thu, 19 Nov 2020 18:39:13 GMT - [1mGET[0m [33m/eshealth.json[0m 200 457 bytes 3.172 ms
Thu, 19 Nov 2020 18:39:23 GMT - [1mGET[0m [33m/eshealth.json[0m 200 457 bytes 11.791 ms
Thu, 19 Nov 2020 18:39:33 GMT - [1mGET[0m [33m/eshealth.json[0m 200 457 bytes 1.481 ms
WISE Session Detail ERROR Error: connect EHOSTUNREACH 172.16.0.20:8081
    at TCPConnectWrap.afterConnect [as oncomplete] (net.js:1145:16) {
  errno: 'EHOSTUNREACH',
  code: 'EHOSTUNREACH',
  syscall: 'connect',
  address: '172.16.0.20',
  port: 8081
}
Thu, 19 Nov 2020 18:39:43 GMT - [1mGET[0m [33m/eshealth.json[0m 200 457 bytes 11.469 ms
Thu, 19 Nov 2020 18:39:53 GMT - [1mGET[0m [33m/eshealth.json[0m 200 457 bytes 1.385 ms
Thu, 19 Nov 2020 18:40:03 GMT - [1mGET[0m [33m/eshealth.json[0m 200 457 bytes 11.205 ms
Thu, 19 Nov 2020 18:40:13 GMT - [1mGET[0m [33m/eshealth.json[0m 200 457 bytes 1.382 ms
Thu, 19 Nov 2020 18:40:23 GMT - [1mGET[0m [33m/eshealth.json[0m 200 457 bytes 11.919 ms
WISE Right Click ERROR Error: connect EHOSTUNREACH 172.16.0.20:8081
    at TCPConnectWrap.afterConnect [as oncomplete] (net.js:1145:16) {
  errno: 'EHOSTUNREACH',
  code: 'EHOSTUNREACH',
  syscall: 'connect',
  address: '172.16.0.20',
  port: 8081
}
Thu, 19 Nov 2020 18:40:33 GMT - [1mGET[0m [33m/eshealth.json[0m 200 457 bytes 0.695 ms
Thu, 19 Nov 2020 18:40:43 GMT - [1mGET[0m [33m/eshealth.json[0m 200 457 bytes 3.859 ms
Thu, 19 Nov 2020 18:40:53 GMT - [1mGET[0m [33m/eshealth.json[0m 200 457 bytes 4.976 ms
Thu, 19 Nov 2020 18:41:03 GMT - [1mGET[0m [33m/eshealth.json[0m 200 457 bytes 3.238 ms
Thu, 19 Nov 2020 18:41:13 GMT - [1mGET[0m [33m/eshealth.json[0m 200 457 bytes 12.862 ms
Thu, 19 Nov 2020 18:41:23 GMT - [1mGET[0m [33m/eshealth.json[0m 200 457 bytes 1.584 ms
Thu, 19 Nov 2020 18:41:33 GMT - [1mGET[0m [33m/eshealth.json[0m 200 457 bytes 3.159 ms
WISE Session Detail ERROR Error: connect EHOSTUNREACH 172.16.0.20:8081
    at TCPConnectWrap.afterConnect [as oncomplete] (net.js:1145:16) {
  errno: 'EHOSTUNREACH',
  code: 'EHOSTUNREACH',
  syscall: 'connect',
  address: '172.16.0.20',
  port: 8081
}
Thu, 19 Nov 2020 18:41:43 GMT - [1mGET[0m [33m/eshealth.json[0m 200 457 bytes 12.581 ms
Thu, 19 Nov 2020 18:41:53 GMT - [1mGET[0m [33m/eshealth.json[0m 200 457 bytes 2.382 ms
Thu, 19 Nov 2020 18:42:03 GMT - [1mGET[0m [33m/eshealth.json[0m 200 457 bytes 2.875 ms
Thu, 19 Nov 2020 18:42:13 GMT - [1mGET[0m [33m/eshealth.json[0m 200 457 bytes 14.349 ms
Thu, 19 Nov 2020 18:42:23 GMT - [1mGET[0m [33m/eshealth.json[0m 200 457 bytes 1.524 ms
Thu, 19 Nov 2020 18:42:33 GMT - [1mGET[0m [33m/eshealth.json[0m 200 457 bytes 3.593 ms
Thu, 19 Nov 2020 18:42:43 GMT - [1mGET[0m [33m/eshealth.json[0m 200 457 bytes 16.022 ms
Thu, 19 Nov 2020 18:42:53 GMT - [1mGET[0m [33m/eshealth.json[0m 200 457 bytes 1.700 ms
Thu, 19 Nov 2020 18:43:03 GMT - [1mGET[0m [33m/eshealth.json[0m 200 457 bytes 13.290 ms
Thu, 19 Nov 2020 18:43:13 GMT - [1mGET[0m [33m/eshealth.json[0m 200 457 bytes 1.774 ms
Thu, 19 Nov 2020 18:43:23 GMT - [1mGET[0m [33m/eshealth.json[0m 200 457 bytes 12.408 ms
Thu, 19 Nov 2020 18:43:33 GMT - [1mGET[0m [33m/eshealth.json[0m 200 457 bytes 2.901 ms
Thu, 19 Nov 2020 18:43:43 GMT - [1mGET[0m [33m/eshealth.json[0m 200 457 bytes 12.319 ms
Thu, 19 Nov 2020 18:43:53 GMT - [1mGET[0m [33m/eshealth.json[0m 200 457 bytes 1.572 ms
Thu, 19 Nov 2020 18:44:03 GMT - [1mGET[0m [33m/eshealth.json[0m 200 457 bytes 15.930 ms
Thu, 19 Nov 2020 18:44:13 GMT - [1mGET[0m [33m/eshealth.json[0m 200 457 bytes 1.659 ms
Thu, 19 Nov 2020 18:44:23 GMT - [1mGET[0m [33m/eshealth.json[0m 200 457 bytes 13.222 ms
Thu, 19 Nov 2020 18:44:33 GMT - [1mGET[0m [33m/eshealth.json[0m 200 457 bytes 0.396 ms
Thu, 19 Nov 2020 18:44:43 GMT - [1mGET[0m [33m/eshealth.json[0m 200 457 bytes 8.503 ms
